#
# There is insufficient memory for the Java Runtime Environment to continue.
# Native memory allocation (malloc) failed to allocate 1353200 bytes for Chunk::new
# Possible reasons:
#   The system is out of physical RAM or swap space
#   The process is running with CompressedOops enabled, and the Java Heap may be blocking the growth of the native heap
# Possible solutions:
#   Reduce memory load on the system
#   Increase physical memory or swap space
#   Check if swap backing store is full
#   Decrease Java heap size (-Xmx/-Xms)
#   Decrease number of Java threads
#   Decrease Java thread stack sizes (-Xss)
#   Set larger code cache with -XX:ReservedCodeCacheSize=
#   JVM is running with Unscaled Compressed Oops mode in which the Java heap is
#     placed in the first 4GB address space. The Java Heap base address is the
#     maximum limit for the native heap growth. Please use -XX:HeapBaseMinAddress
#     to set the Java Heap base and to place the Java Heap above 4GB virtual address.
# This output file may be truncated or incomplete.
#
#  Out of Memory Error (allocation.cpp:389), pid=3112, tid=0x0000000000000db4
#
# JRE version: OpenJDK Runtime Environment (8.0_242-b01) (build 1.8.0_242-release-1644-b01)
# Java VM: OpenJDK 64-Bit Server VM (25.242-b01 mixed mode windows-amd64 compressed oops)
# Failed to write core dump. Minidumps are not enabled by default on client versions of Windows
#

---------------  T H R E A D  ---------------

Current thread (0x0000000016ff4000):  JavaThread "C2 CompilerThread0" daemon [_thread_in_native, id=3508, stack(0x0000000018740000,0x0000000018840000)]

Stack: [0x0000000018740000,0x0000000018840000]
[error occurred during error reporting (printing stack bounds), id 0xc0000005]

Native frames: (J=compiled Java code, j=interpreted, Vv=VM code, C=native code)


Current CompileTask:
C2:  13631 5040       4       sun.reflect.generics.parser.SignatureParser::parsePackageNameAndSimpleClassTypeSignature (139 bytes)


---------------  P R O C E S S  ---------------

Java Threads: ( => current thread )
  0x0000000020fc9000 JavaThread "Cache worker for file content cache (D:\android Studio1\MediGuide\.gradle\6.5\fileContent)" [_thread_blocked, id=19192, stack(0x0000000029eb0000,0x0000000029fb0000)]
  0x0000000020fcf800 JavaThread "Memory manager" [_thread_blocked, id=14556, stack(0x0000000028d50000,0x0000000028e50000)]
  0x0000000020fcb000 JavaThread "Cache worker for Build Output Cleanup Cache (D:\android Studio1\MediGuide\.gradle\buildOutputCleanup)" [_thread_blocked, id=4784, stack(0x0000000028c50000,0x0000000028d50000)]
  0x0000000020fc8000 JavaThread "jar transforms Thread 92" [_thread_blocked, id=12652, stack(0x0000000028950000,0x0000000028a50000)]
  0x0000000020fcc000 JavaThread "jar transforms Thread 91" [_thread_blocked, id=18352, stack(0x0000000028850000,0x0000000028950000)]
  0x0000000020fcf000 JavaThread "jar transforms Thread 90" [_thread_blocked, id=20340, stack(0x0000000028750000,0x0000000028850000)]
  0x0000000020fce000 JavaThread "jar transforms Thread 89" [_thread_blocked, id=11248, stack(0x0000000028650000,0x0000000028750000)]
  0x0000000020fcd800 JavaThread "jar transforms Thread 88" [_thread_blocked, id=12708, stack(0x0000000028550000,0x0000000028650000)]
  0x0000000020fcc800 JavaThread "jar transforms Thread 87" [_thread_blocked, id=10140, stack(0x0000000028450000,0x0000000028550000)]
  0x0000000020fc0800 JavaThread "jar transforms Thread 86" [_thread_blocked, id=3932, stack(0x0000000028350000,0x0000000028450000)]
  0x0000000020fc7800 JavaThread "jar transforms Thread 85" [_thread_blocked, id=18388, stack(0x0000000028250000,0x0000000028350000)]
  0x0000000020fc6800 JavaThread "jar transforms Thread 84" [_thread_blocked, id=12808, stack(0x0000000028150000,0x0000000028250000)]
  0x0000000020fc2000 JavaThread "jar transforms Thread 83" [_thread_blocked, id=13708, stack(0x0000000028050000,0x0000000028150000)]
  0x0000000020fc6000 JavaThread "jar transforms Thread 82" [_thread_blocked, id=15612, stack(0x0000000027f50000,0x0000000028050000)]
  0x0000000020fc4800 JavaThread "jar transforms Thread 81" [_thread_blocked, id=9824, stack(0x0000000027e50000,0x0000000027f50000)]
  0x0000000020fc3800 JavaThread "jar transforms Thread 80" [_thread_blocked, id=11440, stack(0x0000000027d50000,0x0000000027e50000)]
  0x0000000020fc3000 JavaThread "jar transforms Thread 79" [_thread_blocked, id=1092, stack(0x0000000027c50000,0x0000000027d50000)]
  0x0000000020fc1800 JavaThread "jar transforms Thread 78" [_thread_blocked, id=16696, stack(0x0000000027b50000,0x0000000027c50000)]
  0x0000000020fc5000 JavaThread "jar transforms Thread 77" [_thread_blocked, id=10896, stack(0x0000000027a50000,0x0000000027b50000)]
  0x000000001d6a3000 JavaThread "jar transforms Thread 76" [_thread_blocked, id=14672, stack(0x0000000027950000,0x0000000027a50000)]
  0x000000001d6a0000 JavaThread "jar transforms Thread 75" [_thread_blocked, id=12792, stack(0x0000000027850000,0x0000000027950000)]
  0x000000001d69f800 JavaThread "jar transforms Thread 74" [_thread_blocked, id=5232, stack(0x0000000027750000,0x0000000027850000)]
  0x000000001d69d000 JavaThread "jar transforms Thread 73" [_thread_blocked, id=20388, stack(0x0000000027650000,0x0000000027750000)]
  0x000000001d69c800 JavaThread "jar transforms Thread 72" [_thread_blocked, id=11076, stack(0x0000000027550000,0x0000000027650000)]
  0x000000001d69e800 JavaThread "jar transforms Thread 71" [_thread_blocked, id=1652, stack(0x0000000027450000,0x0000000027550000)]
  0x000000001d6a2800 JavaThread "jar transforms Thread 70" [_thread_blocked, id=11392, stack(0x0000000027350000,0x0000000027450000)]
  0x000000001d69e000 JavaThread "jar transforms Thread 69" [_thread_blocked, id=19108, stack(0x0000000027250000,0x0000000027350000)]
  0x000000001d6a1800 JavaThread "jar transforms Thread 68" [_thread_blocked, id=4620, stack(0x0000000027150000,0x0000000027250000)]
  0x000000001d6a1000 JavaThread "jar transforms Thread 67" [_thread_blocked, id=16844, stack(0x0000000027050000,0x0000000027150000)]
  0x000000001d695000 JavaThread "jar transforms Thread 66" [_thread_blocked, id=8412, stack(0x0000000026f50000,0x0000000027050000)]
  0x000000001d69a000 JavaThread "jar transforms Thread 65" [_thread_blocked, id=17512, stack(0x0000000026e50000,0x0000000026f50000)]
  0x000000001d699800 JavaThread "jar transforms Thread 64" [_thread_blocked, id=13436, stack(0x0000000026d50000,0x0000000026e50000)]
  0x000000001d69b800 JavaThread "jar transforms Thread 63" [_thread_blocked, id=21220, stack(0x0000000026c50000,0x0000000026d50000)]
  0x000000001d698000 JavaThread "jar transforms Thread 62" [_thread_blocked, id=11000, stack(0x0000000026b50000,0x0000000026c50000)]
  0x000000001d696800 JavaThread "jar transforms Thread 61" [_thread_blocked, id=15552, stack(0x0000000026a50000,0x0000000026b50000)]
  0x000000001d697000 JavaThread "jar transforms Thread 60" [_thread_blocked, id=6508, stack(0x0000000026950000,0x0000000026a50000)]
  0x000000001d695800 JavaThread "jar transforms Thread 59" [_thread_blocked, id=19516, stack(0x0000000026850000,0x0000000026950000)]
  0x000000001d694000 JavaThread "jar transforms Thread 58" [_thread_blocked, id=19836, stack(0x0000000026750000,0x0000000026850000)]
  0x000000001d698800 JavaThread "jar transforms Thread 57" [_thread_blocked, id=728, stack(0x0000000026650000,0x0000000026750000)]
  0x000000001d69b000 JavaThread "jar transforms Thread 56" [_thread_blocked, id=21424, stack(0x0000000026550000,0x0000000026650000)]
  0x00000000205f6800 JavaThread "jar transforms Thread 55" [_thread_blocked, id=15784, stack(0x0000000026450000,0x0000000026550000)]
  0x00000000205f5800 JavaThread "jar transforms Thread 54" [_thread_blocked, id=20508, stack(0x0000000026350000,0x0000000026450000)]
  0x00000000205f3800 JavaThread "jar transforms Thread 53" [_thread_blocked, id=19056, stack(0x0000000026250000,0x0000000026350000)]
  0x00000000205f5000 JavaThread "jar transforms Thread 52" [_thread_blocked, id=16464, stack(0x0000000026150000,0x0000000026250000)]
  0x00000000205f0800 JavaThread "jar transforms Thread 51" [_thread_blocked, id=8932, stack(0x0000000026050000,0x0000000026150000)]
  0x00000000205f2000 JavaThread "jar transforms Thread 50" [_thread_blocked, id=12008, stack(0x0000000025f50000,0x0000000026050000)]
  0x00000000205f2800 JavaThread "jar transforms Thread 49" [_thread_blocked, id=6608, stack(0x0000000025e50000,0x0000000025f50000)]
  0x00000000205ef800 JavaThread "jar transforms Thread 48" [_thread_blocked, id=19900, stack(0x0000000025d50000,0x0000000025e50000)]
  0x00000000205f1000 JavaThread "jar transforms Thread 47" [_thread_blocked, id=10324, stack(0x0000000025c50000,0x0000000025d50000)]
  0x00000000205f4000 JavaThread "jar transforms Thread 46" [_thread_blocked, id=8444, stack(0x0000000025b50000,0x0000000025c50000)]
  0x00000000205e8000 JavaThread "jar transforms Thread 45" [_thread_blocked, id=6464, stack(0x0000000025a50000,0x0000000025b50000)]
  0x00000000205ee000 JavaThread "jar transforms Thread 44" [_thread_blocked, id=4036, stack(0x0000000025950000,0x0000000025a50000)]
  0x00000000205ea800 JavaThread "jar transforms Thread 43" [_thread_blocked, id=3720, stack(0x0000000025850000,0x0000000025950000)]
  0x00000000205ef000 JavaThread "jar transforms Thread 42" [_thread_blocked, id=20072, stack(0x0000000025750000,0x0000000025850000)]
  0x00000000205e9800 JavaThread "jar transforms Thread 41" [_thread_blocked, id=6672, stack(0x0000000025650000,0x0000000025750000)]
  0x00000000205e9000 JavaThread "jar transforms Thread 40" [_thread_blocked, id=17920, stack(0x0000000025550000,0x0000000025650000)]
  0x00000000205eb000 JavaThread "jar transforms Thread 39" [_thread_blocked, id=1640, stack(0x0000000025450000,0x0000000025550000)]
  0x00000000205ec800 JavaThread "jar transforms Thread 38" [_thread_blocked, id=11876, stack(0x0000000025350000,0x0000000025450000)]
  0x00000000205ed800 JavaThread "jar transforms Thread 37" [_thread_blocked, id=17164, stack(0x0000000025250000,0x0000000025350000)]
  0x00000000205e7800 JavaThread "jar transforms Thread 36" [_thread_blocked, id=12140, stack(0x0000000025150000,0x0000000025250000)]
  0x00000000205ec000 JavaThread "jar transforms Thread 35" [_thread_blocked, id=13188, stack(0x0000000025050000,0x0000000025150000)]
  0x000000001e71c800 JavaThread "jar transforms Thread 34" [_thread_blocked, id=14680, stack(0x0000000024f50000,0x0000000025050000)]
  0x000000001e71b800 JavaThread "jar transforms Thread 33" [_thread_blocked, id=18532, stack(0x0000000024e50000,0x0000000024f50000)]
  0x000000001e721000 JavaThread "jar transforms Thread 32" [_thread_blocked, id=19580, stack(0x0000000024d50000,0x0000000024e50000)]
  0x000000001e71e800 JavaThread "jar transforms Thread 31" [_thread_blocked, id=8856, stack(0x0000000024c50000,0x0000000024d50000)]
  0x000000001e720000 JavaThread "jar transforms Thread 30" [_thread_blocked, id=6600, stack(0x0000000024b50000,0x0000000024c50000)]
  0x000000001e722800 JavaThread "jar transforms Thread 29" [_thread_blocked, id=16624, stack(0x0000000024a50000,0x0000000024b50000)]
  0x000000001e71e000 JavaThread "jar transforms Thread 28" [_thread_blocked, id=11092, stack(0x0000000024950000,0x0000000024a50000)]
  0x000000001e71b000 JavaThread "jar transforms Thread 27" [_thread_blocked, id=6412, stack(0x0000000024850000,0x0000000024950000)]
  0x000000001e721800 JavaThread "jar transforms Thread 26" [_thread_blocked, id=10236, stack(0x0000000024750000,0x0000000024850000)]
  0x000000001e71f800 JavaThread "jar transforms Thread 25" [_thread_blocked, id=7376, stack(0x0000000024650000,0x0000000024750000)]
  0x000000001e71d000 JavaThread "jar transforms Thread 24" [_thread_blocked, id=16968, stack(0x0000000024550000,0x0000000024650000)]
  0x000000001e717000 JavaThread "jar transforms Thread 23" [_thread_blocked, id=12864, stack(0x0000000024450000,0x0000000024550000)]
  0x000000001e713800 JavaThread "jar transforms Thread 22" [_thread_blocked, id=19728, stack(0x0000000024350000,0x0000000024450000)]
  0x000000001e716800 JavaThread "jar transforms Thread 21" [_thread_blocked, id=18232, stack(0x0000000024250000,0x0000000024350000)]
  0x000000001e71a000 JavaThread "jar transforms Thread 20" [_thread_blocked, id=12656, stack(0x0000000024150000,0x0000000024250000)]
  0x000000001e715800 JavaThread "jar transforms Thread 19" [_thread_blocked, id=21380, stack(0x0000000024050000,0x0000000024150000)]
  0x000000001e718000 JavaThread "jar transforms Thread 18" [_thread_blocked, id=21468, stack(0x0000000023f50000,0x0000000024050000)]
  0x000000001e719800 JavaThread "jar transforms Thread 17" [_thread_blocked, id=18348, stack(0x0000000023e50000,0x0000000023f50000)]
  0x000000001e718800 JavaThread "jar transforms Thread 16" [_thread_blocked, id=8316, stack(0x0000000023d50000,0x0000000023e50000)]
  0x000000001e715000 JavaThread "jar transforms Thread 15" [_thread_blocked, id=620, stack(0x0000000023c50000,0x0000000023d50000)]
  0x000000001e714000 JavaThread "jar transforms Thread 14" [_thread_blocked, id=9356, stack(0x0000000023b50000,0x0000000023c50000)]
  0x000000001eddb000 JavaThread "jar transforms Thread 13" [_thread_blocked, id=10604, stack(0x0000000023a50000,0x0000000023b50000)]
  0x000000001eddd800 JavaThread "jar transforms Thread 12" [_thread_blocked, id=15376, stack(0x0000000023950000,0x0000000023a50000)]
  0x000000001edda800 JavaThread "jar transforms Thread 11" [_thread_blocked, id=17044, stack(0x0000000023850000,0x0000000023950000)]
  0x000000001eddc800 JavaThread "jar transforms Thread 10" [_thread_blocked, id=17124, stack(0x0000000023650000,0x0000000023750000)]
  0x000000001eddc000 JavaThread "jar transforms Thread 9" [_thread_blocked, id=10348, stack(0x0000000023550000,0x0000000023650000)]
  0x000000001eddf000 JavaThread "jar transforms Thread 8" [_thread_blocked, id=19960, stack(0x0000000023450000,0x0000000023550000)]
  0x000000001edde000 JavaThread "jar transforms Thread 7" [_thread_blocked, id=10268, stack(0x0000000023350000,0x0000000023450000)]
  0x000000001edd3800 JavaThread "jar transforms Thread 6" [_thread_blocked, id=19536, stack(0x0000000023250000,0x0000000023350000)]
  0x000000001edd9800 JavaThread "jar transforms Thread 5" [_thread_blocked, id=3376, stack(0x0000000023150000,0x0000000023250000)]
  0x000000001edd9000 JavaThread "jar transforms Thread 4" [_thread_blocked, id=11936, stack(0x0000000023050000,0x0000000023150000)]
  0x000000001edd4800 JavaThread "jar transforms Thread 3" [_thread_blocked, id=18112, stack(0x0000000022f50000,0x0000000023050000)]
  0x000000001edd1000 JavaThread "jar transforms Thread 2" [_thread_blocked, id=2356, stack(0x0000000022e50000,0x0000000022f50000)]
  0x000000001edd8000 JavaThread "Build operations Thread 4" [_thread_blocked, id=20848, stack(0x0000000022d50000,0x0000000022e50000)]
  0x000000001edd7800 JavaThread "Build operations Thread 3" [_thread_blocked, id=21428, stack(0x0000000022c50000,0x0000000022d50000)]
  0x000000001edd0800 JavaThread "Build operations Thread 2" [_thread_blocked, id=7332, stack(0x0000000022b50000,0x0000000022c50000)]
  0x000000001edcf800 JavaThread "Build operations" [_thread_blocked, id=21372, stack(0x0000000022a50000,0x0000000022b50000)]
  0x0000000017010800 JavaThread "Cache worker for file content cache (C:\Users\Hamza\.gradle\caches\6.5\fileContent)" [_thread_blocked, id=12800, stack(0x0000000022150000,0x0000000022250000)]
  0x000000001700f800 JavaThread "jar transforms" [_thread_blocked, id=19972, stack(0x0000000022050000,0x0000000022150000)]
  0x000000001700f000 JavaThread "Cache worker for execution history cache (C:\Users\Hamza\.gradle\caches\6.5\executionHistory)" [_thread_blocked, id=15516, stack(0x0000000020d80000,0x0000000020e80000)]
  0x0000000017012000 JavaThread "Cache worker for cache directory md-rule (C:\Users\Hamza\.gradle\caches\6.5\md-rule)" [_thread_blocked, id=2200, stack(0x00000000209e0000,0x0000000020ae0000)]
  0x0000000017011000 JavaThread "Cache worker for cache directory md-supplier (C:\Users\Hamza\.gradle\caches\6.5\md-supplier)" [_thread_blocked, id=14192, stack(0x00000000208e0000,0x00000000209e0000)]
  0x0000000017012800 JavaThread "Cache worker for checksums cache (D:\android Studio1\MediGuide\.gradle\checksums)" [_thread_blocked, id=13956, stack(0x00000000207e0000,0x00000000208e0000)]
  0x000000001700e000 JavaThread "Cache worker for file hash cache (D:\android Studio1\MediGuide\.gradle\6.5\fileHashes)" [_thread_blocked, id=16192, stack(0x000000001f500000,0x000000001f600000)]
  0x0000000017015000 JavaThread "Cache worker for file hash cache (C:\Users\Hamza\.gradle\caches\6.5\fileHashes)" [_thread_blocked, id=8972, stack(0x000000001f000000,0x000000001f100000)]
  0x0000000017014000 JavaThread "File lock request listener" [_thread_in_native, id=9932, stack(0x000000001ef00000,0x000000001f000000)]
  0x000000001ec11000 JavaThread "Cache worker for journal cache (C:\Users\Hamza\.gradle\caches\journal-1)" [_thread_blocked, id=11500, stack(0x000000001ee00000,0x000000001ef00000)]
  0x000000001ad68000 JavaThread "Thread-9" [_thread_blocked, id=19600, stack(0x000000001cb60000,0x000000001cc60000)]
  0x000000001ad3f800 JavaThread "Stdin handler" [_thread_blocked, id=18736, stack(0x000000001ca60000,0x000000001cb60000)]
  0x000000001ad43000 JavaThread "Asynchronous log dispatcher for DefaultDaemonConnection: socket connection from /127.0.0.1:49394 to /127.0.0.1:49395" [_thread_blocked, id=20844, stack(0x000000001c960000,0x000000001ca60000)]
  0x000000001ad19000 JavaThread "Daemon worker" [_thread_in_Java, id=7244, stack(0x000000001c860000,0x000000001c960000)]
  0x000000001ad11800 JavaThread "Cancel handler" [_thread_blocked, id=13532, stack(0x000000001c760000,0x000000001c860000)]
  0x000000001983d800 JavaThread "Handler for socket connection from /127.0.0.1:49394 to /127.0.0.1:49395" [_thread_in_native, id=14836, stack(0x000000001c660000,0x000000001c760000)]
  0x000000001983a000 JavaThread "Daemon" [_thread_blocked, id=18528, stack(0x000000001c560000,0x000000001c660000)]
  0x000000001acf4000 JavaThread "Daemon periodic checks" [_thread_blocked, id=1860, stack(0x000000001c260000,0x000000001c360000)]
  0x000000001ac88800 JavaThread "Incoming local TCP Connector on port 49394" [_thread_in_native, id=2076, stack(0x000000001c020000,0x000000001c120000)]
  0x000000001abbb800 JavaThread "Daemon health stats" [_thread_blocked, id=9724, stack(0x000000001b9e0000,0x000000001bae0000)]
  0x0000000018a73000 JavaThread "Service Thread" daemon [_thread_blocked, id=16860, stack(0x0000000018e40000,0x0000000018f40000)]
  0x0000000017013800 JavaThread "C1 CompilerThread2" daemon [_thread_blocked, id=19476, stack(0x0000000018940000,0x0000000018a40000)]
  0x0000000016fff800 JavaThread "C2 CompilerThread1" daemon [_thread_in_native, id=13896, stack(0x0000000018840000,0x0000000018940000)]
=>0x0000000016ff4000 JavaThread "C2 CompilerThread0" daemon [_thread_in_native, id=3508, stack(0x0000000018740000,0x0000000018840000)]
  0x0000000016ff1800 JavaThread "Attach Listener" daemon [_thread_blocked, id=12648, stack(0x0000000018640000,0x0000000018740000)]
  0x0000000016ff6000 JavaThread "Signal Dispatcher" daemon [_thread_blocked, id=20184, stack(0x0000000018540000,0x0000000018640000)]
  0x00000000023cc800 JavaThread "Finalizer" daemon [_thread_blocked, id=7980, stack(0x0000000018240000,0x0000000018340000)]
  0x0000000016fd9000 JavaThread "Reference Handler" daemon [_thread_blocked, id=19384, stack(0x0000000018140000,0x0000000018240000)]
  0x00000000022d2800 JavaThread "main" [_thread_blocked, id=6128, stack(0x00000000021d0000,0x00000000022d0000)]

Other Threads:
  0x0000000016fb6800 VMThread [stack: 0x0000000018040000,0x0000000018140000] [id=19392]
  0x0000000018a7b800 WatcherThread [stack: 0x0000000018f40000,0x0000000019040000] [id=14792]

VM state:not at safepoint (normal execution)

VM Mutex/Monitor currently owned by a thread: None

heap address: 0x0000000080000000, size: 2048 MB, Compressed Oops mode: 32-bit
Narrow klass base: 0x0000000000000000, Narrow klass shift: 3
Compressed class space size: 1073741824 Address: 0x0000000100000000

Heap:
 PSYoungGen      total 262144K, used 114164K [0x00000000d5580000, 0x00000000f1780000, 0x0000000100000000)
  eden space 246784K, 40% used [0x00000000d5580000,0x00000000db5fe758,0x00000000e4680000)
  from space 15360K, 99% used [0x00000000e4680000,0x00000000e557ea20,0x00000000e5580000)
  to   space 21504K, 0% used [0x00000000f0280000,0x00000000f0280000,0x00000000f1780000)
 ParOldGen       total 175104K, used 23063K [0x0000000080000000, 0x000000008ab00000, 0x00000000d5580000)
  object space 175104K, 13% used [0x0000000080000000,0x0000000081685c90,0x000000008ab00000)
 Metaspace       used 56522K, capacity 58812K, committed 58920K, reserved 1099776K
  class space    used 7734K, capacity 8237K, committed 8240K, reserved 1048576K

Card table byte_map: [0x0000000011790000,0x0000000011ba0000] byte_map_base: 0x0000000011390000

Marking Bits: (ParMarkBitMap*) 0x000000007423f030
 Begin Bits: [0x0000000012250000, 0x0000000014250000)
 End Bits:   [0x0000000014250000, 0x0000000016250000)

Polling page: 0x0000000000ad0000

CodeCache: size=245760Kb used=16066Kb max_used=16066Kb free=229693Kb
 bounds [0x00000000023d0000, 0x0000000003390000, 0x00000000113d0000]
 total_blobs=5530 nmethods=4758 adapters=685
 compilation: enabled

Compilation events (10 events):
Event: 13.584 Thread 0x0000000017013800 5183       3       com.google.common.collect.LinkedHashMultimap$ValueSet::setSuccessorInValueSet (6 bytes)
Event: 13.584 Thread 0x0000000017013800 nmethod 5183 0x000000000338a610 code [0x000000000338a760, 0x000000000338a8d0]
Event: 13.584 Thread 0x0000000017013800 5184       3       com.google.common.collect.CompactLinkedHashMap::insertEntry (26 bytes)
Event: 13.585 Thread 0x0000000017013800 nmethod 5184 0x000000000338a950 code [0x000000000338ab00, 0x000000000338b038]
Event: 13.590 Thread 0x0000000017013800 5185       3       java.lang.invoke.BoundMethodHandle$Species_L::<init> (12 bytes)
Event: 13.591 Thread 0x0000000017013800 nmethod 5185 0x000000000338b450 code [0x000000000338b5c0, 0x000000000338b7e8]
Event: 13.594 Thread 0x0000000017013800 5186       1       java.io.ObjectStreamClass$FieldReflectorKey::hashCode (5 bytes)
Event: 13.594 Thread 0x0000000017013800 nmethod 5186 0x000000000338bb10 code [0x000000000338bc60, 0x000000000338bd70]
Event: 13.596 Thread 0x0000000017013800 5187       3       java.io.ObjectStreamField::setOffset (6 bytes)
Event: 13.596 Thread 0x0000000017013800 nmethod 5187 0x000000000338bdd0 code [0x000000000338bf20, 0x000000000338c070]

GC Heap History (10 events):
Event: 4.573 GC heap before
{Heap before GC invocations=5 (full 1):
 PSYoungGen      total 141824K, used 7112K [0x00000000d5580000, 0x00000000dea80000, 0x0000000100000000)
  eden space 131072K, 0% used [0x00000000d5580000,0x00000000d5580000,0x00000000dd580000)
  from space 10752K, 66% used [0x00000000de000000,0x00000000de6f2040,0x00000000dea80000)
  to   space 10752K, 0% used [0x00000000dd580000,0x00000000dd580000,0x00000000de000000)
 ParOldGen       total 175104K, used 797K [0x0000000080000000, 0x000000008ab00000, 0x00000000d5580000)
  object space 175104K, 0% used [0x0000000080000000,0x00000000800c74b0,0x000000008ab00000)
 Metaspace       used 20610K, capacity 21216K, committed 21296K, reserved 1067008K
  class space    used 2875K, capacity 3076K, committed 3120K, reserved 1048576K
Event: 4.613 GC heap after
Heap after GC invocations=5 (full 1):
 PSYoungGen      total 141824K, used 0K [0x00000000d5580000, 0x00000000dea80000, 0x0000000100000000)
  eden space 131072K, 0% used [0x00000000d5580000,0x00000000d5580000,0x00000000dd580000)
  from space 10752K, 0% used [0x00000000de000000,0x00000000de000000,0x00000000dea80000)
  to   space 10752K, 0% used [0x00000000dd580000,0x00000000dd580000,0x00000000de000000)
 ParOldGen       total 175104K, used 7011K [0x0000000080000000, 0x000000008ab00000, 0x00000000d5580000)
  object space 175104K, 4% used [0x0000000080000000,0x00000000806d8fe8,0x000000008ab00000)
 Metaspace       used 20610K, capacity 21216K, committed 21296K, reserved 1067008K
  class space    used 2875K, capacity 3076K, committed 3120K, reserved 1048576K
}
Event: 6.871 GC heap before
{Heap before GC invocations=6 (full 1):
 PSYoungGen      total 141824K, used 131072K [0x00000000d5580000, 0x00000000dea80000, 0x0000000100000000)
  eden space 131072K, 100% used [0x00000000d5580000,0x00000000dd580000,0x00000000dd580000)
  from space 10752K, 0% used [0x00000000de000000,0x00000000de000000,0x00000000dea80000)
  to   space 10752K, 0% used [0x00000000dd580000,0x00000000dd580000,0x00000000de000000)
 ParOldGen       total 175104K, used 7011K [0x0000000080000000, 0x000000008ab00000, 0x00000000d5580000)
  object space 175104K, 4% used [0x0000000080000000,0x00000000806d8fe8,0x000000008ab00000)
 Metaspace       used 32761K, capacity 33788K, committed 33968K, reserved 1079296K
  class space    used 4470K, capacity 4750K, committed 4784K, reserved 1048576K
Event: 6.891 GC heap after
Heap after GC invocations=6 (full 1):
 PSYoungGen      total 141824K, used 10728K [0x00000000d5580000, 0x00000000e6500000, 0x0000000100000000)
  eden space 131072K, 0% used [0x00000000d5580000,0x00000000d5580000,0x00000000dd580000)
  from space 10752K, 99% used [0x00000000dd580000,0x00000000ddffa1c0,0x00000000de000000)
  to   space 15872K, 0% used [0x00000000e5580000,0x00000000e5580000,0x00000000e6500000)
 ParOldGen       total 175104K, used 10281K [0x0000000080000000, 0x000000008ab00000, 0x00000000d5580000)
  object space 175104K, 5% used [0x0000000080000000,0x0000000080a0a5f8,0x000000008ab00000)
 Metaspace       used 32761K, capacity 33788K, committed 33968K, reserved 1079296K
  class space    used 4470K, capacity 4750K, committed 4784K, reserved 1048576K
}
Event: 7.440 GC heap before
{Heap before GC invocations=7 (full 1):
 PSYoungGen      total 141824K, used 41299K [0x00000000d5580000, 0x00000000e6500000, 0x0000000100000000)
  eden space 131072K, 23% used [0x00000000d5580000,0x00000000d735ad80,0x00000000dd580000)
  from space 10752K, 99% used [0x00000000dd580000,0x00000000ddffa1c0,0x00000000de000000)
  to   space 15872K, 0% used [0x00000000e5580000,0x00000000e5580000,0x00000000e6500000)
 ParOldGen       total 175104K, used 10281K [0x0000000080000000, 0x000000008ab00000, 0x00000000d5580000)
  object space 175104K, 5% used [0x0000000080000000,0x0000000080a0a5f8,0x000000008ab00000)
 Metaspace       used 34252K, capacity 35404K, committed 35496K, reserved 1079296K
  class space    used 4711K, capacity 5001K, committed 5040K, reserved 1048576K
Event: 7.483 GC heap after
Heap after GC invocations=7 (full 1):
 PSYoungGen      total 262144K, used 8092K [0x00000000d5580000, 0x00000000e6480000, 0x0000000100000000)
  eden space 246784K, 0% used [0x00000000d5580000,0x00000000d5580000,0x00000000e4680000)
  from space 15360K, 52% used [0x00000000e5580000,0x00000000e5d673d0,0x00000000e6480000)
  to   space 15360K, 0% used [0x00000000e4680000,0x00000000e4680000,0x00000000e5580000)
 ParOldGen       total 175104K, used 10289K [0x0000000080000000, 0x000000008ab00000, 0x00000000d5580000)
  object space 175104K, 5% used [0x0000000080000000,0x0000000080a0c5f8,0x000000008ab00000)
 Metaspace       used 34252K, capacity 35404K, committed 35496K, reserved 1079296K
  class space    used 4711K, capacity 5001K, committed 5040K, reserved 1048576K
}
Event: 7.483 GC heap before
{Heap before GC invocations=8 (full 2):
 PSYoungGen      total 262144K, used 8092K [0x00000000d5580000, 0x00000000e6480000, 0x0000000100000000)
  eden space 246784K, 0% used [0x00000000d5580000,0x00000000d5580000,0x00000000e4680000)
  from space 15360K, 52% used [0x00000000e5580000,0x00000000e5d673d0,0x00000000e6480000)
  to   space 15360K, 0% used [0x00000000e4680000,0x00000000e4680000,0x00000000e5580000)
 ParOldGen       total 175104K, used 10289K [0x0000000080000000, 0x000000008ab00000, 0x00000000d5580000)
  object space 175104K, 5% used [0x0000000080000000,0x0000000080a0c5f8,0x000000008ab00000)
 Metaspace       used 34252K, capacity 35404K, committed 35496K, reserved 1079296K
  class space    used 4711K, capacity 5001K, committed 5040K, reserved 1048576K
Event: 7.593 GC heap after
Heap after GC invocations=8 (full 2):
 PSYoungGen      total 262144K, used 0K [0x00000000d5580000, 0x00000000e6480000, 0x0000000100000000)
  eden space 246784K, 0% used [0x00000000d5580000,0x00000000d5580000,0x00000000e4680000)
  from space 15360K, 0% used [0x00000000e5580000,0x00000000e5580000,0x00000000e6480000)
  to   space 15360K, 0% used [0x00000000e4680000,0x00000000e4680000,0x00000000e5580000)
 ParOldGen       total 175104K, used 14565K [0x0000000080000000, 0x000000008ab00000, 0x00000000d5580000)
  object space 175104K, 8% used [0x0000000080000000,0x0000000080e39520,0x000000008ab00000)
 Metaspace       used 34252K, capacity 35404K, committed 35496K, reserved 1079296K
  class space    used 4711K, capacity 5001K, committed 5040K, reserved 1048576K
}
Event: 10.901 GC heap before
{Heap before GC invocations=9 (full 2):
 PSYoungGen      total 262144K, used 246784K [0x00000000d5580000, 0x00000000e6480000, 0x0000000100000000)
  eden space 246784K, 100% used [0x00000000d5580000,0x00000000e4680000,0x00000000e4680000)
  from space 15360K, 0% used [0x00000000e5580000,0x00000000e5580000,0x00000000e6480000)
  to   space 15360K, 0% used [0x00000000e4680000,0x00000000e4680000,0x00000000e5580000)
 ParOldGen       total 175104K, used 14565K [0x0000000080000000, 0x000000008ab00000, 0x00000000d5580000)
  object space 175104K, 8% used [0x0000000080000000,0x0000000080e39520,0x000000008ab00000)
 Metaspace       used 48350K, capacity 50192K, committed 50472K, reserved 1093632K
  class space    used 6493K, capacity 6856K, committed 6960K, reserved 1048576K
Event: 10.949 GC heap after
Heap after GC invocations=9 (full 2):
 PSYoungGen      total 262144K, used 15354K [0x00000000d5580000, 0x00000000f1780000, 0x0000000100000000)
  eden space 246784K, 0% used [0x00000000d5580000,0x00000000d5580000,0x00000000e4680000)
  from space 15360K, 99% used [0x00000000e4680000,0x00000000e557ea20,0x00000000e5580000)
  to   space 21504K, 0% used [0x00000000f0280000,0x00000000f0280000,0x00000000f1780000)
 ParOldGen       total 175104K, used 23063K [0x0000000080000000, 0x000000008ab00000, 0x00000000d5580000)
  object space 175104K, 13% used [0x0000000080000000,0x0000000081685c90,0x000000008ab00000)
 Metaspace       used 48350K, capacity 50192K, committed 50472K, reserved 1093632K
  class space    used 6493K, capacity 6856K, committed 6960K, reserved 1048576K
}

Deoptimization events (10 events):
Event: 11.460 Thread 0x000000001ad19000 Uncommon trap: reason=unstable_if action=reinterpret pc=0x0000000003043dd0 method=org.gradle.internal.instantiation.generator.AbstractClassGenerator$InjectionAnnotationValidator.validateMethod(Ljava/lang/reflect/Method;Lorg/gradle/internal/reflect/Propert
Event: 11.597 Thread 0x000000001ad19000 Uncommon trap: reason=null_check action=make_not_entrant pc=0x0000000002be1b90 method=java.lang.Class.searchMethods([Ljava/lang/reflect/Method;Ljava/lang/String;[Ljava/lang/Class;)Ljava/lang/reflect/Method; @ 59
Event: 13.045 Thread 0x000000001ad19000 Uncommon trap: reason=unstable_if action=reinterpret pc=0x00000000026ab358 method=sun.misc.MetaIndex.mayContain(Ljava/lang/String;)Z @ 38
Event: 13.048 Thread 0x000000001ad19000 Uncommon trap: reason=unstable_if action=reinterpret pc=0x0000000002e6120c method=java.security.CodeSource.hashCode()I @ 4
Event: 13.364 Thread 0x000000001ad19000 Uncommon trap: reason=unstable_if action=reinterpret pc=0x000000000287f120 method=org.objectweb.asm.ByteVector.putInt(I)Lorg/objectweb/asm/ByteVector; @ 13
Event: 13.391 Thread 0x000000001ad19000 Uncommon trap: reason=unstable_if action=reinterpret pc=0x00000000026fb274 method=java.util.HashMap.resize()[Ljava/util/HashMap$Node; @ 206
Event: 13.391 Thread 0x000000001ad19000 Uncommon trap: reason=unstable_if action=reinterpret pc=0x0000000003057074 method=java.util.HashMap.getNode(ILjava/lang/Object;)Ljava/util/HashMap$Node; @ 84
Event: 13.391 Thread 0x000000001ad19000 Uncommon trap: reason=unstable_if action=reinterpret pc=0x000000000323b0b0 method=java.util.HashMap.getNode(ILjava/lang/Object;)Ljava/util/HashMap$Node; @ 84
Event: 13.420 Thread 0x000000001ad19000 Uncommon trap: reason=unstable_if action=reinterpret pc=0x0000000002ea9080 method=java.io.WinNTFileSystem.normalize(Ljava/lang/String;)Ljava/lang/String; @ 74
Event: 13.420 Thread 0x000000001ad19000 Uncommon trap: reason=unstable_if action=reinterpret pc=0x0000000002a13d60 method=java.io.WinNTFileSystem.normalize(Ljava/lang/String;II)Ljava/lang/String; @ 103

Classes redefined (0 events):
No events

Internal exceptions (10 events):
Event: 12.408 Thread 0x000000001ad19000 Exception <a 'java/lang/ClassNotFoundException': com/android/build/gradle/internal/CompileOptionsCustomizer> (0x00000000d79110f8) thrown at [C:\src\AOSP-openjdk-git\hotspot\src\share\vm\classfile\systemDictionary.cpp, line 210]
Event: 12.409 Thread 0x000000001ad19000 Exception <a 'java/lang/ClassNotFoundException': com/android/build/gradle/internal/CompileOptions_DecoratedCustomizer> (0x00000000d7941788) thrown at [C:\src\AOSP-openjdk-git\hotspot\src\share\vm\classfile\systemDictionary.cpp, line 210]
Event: 13.048 Thread 0x000000001ad19000 Implicit null exception at 0x0000000002e60f15 to 0x0000000002e611fd
Event: 13.260 Thread 0x000000001ad19000 Exception <a 'java/lang/ClassNotFoundException': com/android/build/gradle/internal/api/ApkVariantOutputImpl_DecoratedBeanInfo> (0x00000000da145010) thrown at [C:\src\AOSP-openjdk-git\hotspot\src\share\vm\classfile\systemDictionary.cpp, line 210]
Event: 13.261 Thread 0x000000001ad19000 Exception <a 'java/lang/ClassNotFoundException': com/android/build/gradle/internal/api/ApkVariantOutputImplBeanInfo> (0x00000000da162240) thrown at [C:\src\AOSP-openjdk-git\hotspot\src\share\vm\classfile\systemDictionary.cpp, line 210]
Event: 13.262 Thread 0x000000001ad19000 Exception <a 'java/lang/ClassNotFoundException': com/android/build/gradle/internal/api/BaseVariantOutputImplBeanInfo> (0x00000000da180678) thrown at [C:\src\AOSP-openjdk-git\hotspot\src\share\vm\classfile\systemDictionary.cpp, line 210]
Event: 13.262 Thread 0x000000001ad19000 Exception <a 'java/lang/ClassNotFoundException': com/android/build/gradle/internal/api/BaseVariantOutputImplCustomizer> (0x00000000da19f010) thrown at [C:\src\AOSP-openjdk-git\hotspot\src\share\vm\classfile\systemDictionary.cpp, line 210]
Event: 13.264 Thread 0x000000001ad19000 Exception <a 'java/lang/ClassNotFoundException': com/android/build/gradle/internal/api/ApkVariantOutputImplCustomizer> (0x00000000da1d77b8) thrown at [C:\src\AOSP-openjdk-git\hotspot\src\share\vm\classfile\systemDictionary.cpp, line 210]
Event: 13.266 Thread 0x000000001ad19000 Exception <a 'java/lang/ClassNotFoundException': com/android/build/gradle/internal/api/ApkVariantOutputImpl_DecoratedCustomizer> (0x00000000da20b558) thrown at [C:\src\AOSP-openjdk-git\hotspot\src\share\vm\classfile\systemDictionary.cpp, line 210]
Event: 13.468 Thread 0x000000001ad19000 Exception <a 'java/lang/NoSuchMethodError': java.lang.Object.lambda$static$0(Lorg/gradle/api/internal/tasks/TaskDependencyResolveContext;)V> (0x00000000dacc7e80) thrown at [C:\src\AOSP-openjdk-git\hotspot\src\share\vm\interpreter\linkResolver.cpp, line 62

Events (10 events):
Event: 13.628 loading class com/android/build/gradle/internal/SdkComponentsBuildService$stripExecutableFinderProvider$1
Event: 13.628 loading class com/android/build/gradle/internal/SdkComponentsBuildService$stripExecutableFinderProvider$1 done
Event: 13.629 loading class com/android/build/gradle/internal/SdkComponentsBuildService$objcopyExecutableMapProvider$1
Event: 13.629 loading class com/android/build/gradle/internal/SdkComponentsBuildService$objcopyExecutableMapProvider$1 done
Event: 13.630 loading class org/gradle/api/Task
Event: 13.630 loading class org/gradle/api/Task done
Event: 13.630 loading class org/gradle/api/Task
Event: 13.630 loading class org/gradle/api/Task done
Event: 13.630 loading class org/gradle/api/internal/provider/TransformBackedProvider
Event: 13.630 loading class org/gradle/api/internal/provider/TransformBackedProvider done


Dynamic libraries:
0x00007ff7ebef0000 - 0x00007ff7ebf21000 	C:\Program Files\Android\Android Studio\jre\bin\java.exe
0x00007ffb9c1b0000 - 0x00007ffb9c3a5000 	C:\WINDOWS\SYSTEM32\ntdll.dll
0x00007ffb9b910000 - 0x00007ffb9b9ce000 	C:\WINDOWS\System32\KERNEL32.DLL
0x00007ffb998d0000 - 0x00007ffb99b98000 	C:\WINDOWS\System32\KERNELBASE.dll
0x00007ffb9ad20000 - 0x00007ffb9adce000 	C:\WINDOWS\System32\ADVAPI32.dll
0x00007ffb9add0000 - 0x00007ffb9ae6e000 	C:\WINDOWS\System32\msvcrt.dll
0x00007ffb9bd10000 - 0x00007ffb9bdac000 	C:\WINDOWS\System32\sechost.dll
0x00007ffb9a6f0000 - 0x00007ffb9a815000 	C:\WINDOWS\System32\RPCRT4.dll
0x00007ffb9ae70000 - 0x00007ffb9b010000 	C:\WINDOWS\System32\USER32.dll
0x00007ffb99ba0000 - 0x00007ffb99bc2000 	C:\WINDOWS\System32\win32u.dll
0x00007ffb9a820000 - 0x00007ffb9a84b000 	C:\WINDOWS\System32\GDI32.dll
0x00007ffb9a0b0000 - 0x00007ffb9a1bb000 	C:\WINDOWS\System32\gdi32full.dll
0x00007ffb99bd0000 - 0x00007ffb99c6d000 	C:\WINDOWS\System32\msvcp_win.dll
0x00007ffb99e50000 - 0x00007ffb99f50000 	C:\WINDOWS\System32\ucrtbase.dll
0x00007ffb898a0000 - 0x00007ffb89b3a000 	C:\WINDOWS\WinSxS\amd64_microsoft.windows.common-controls_6595b64144ccf1df_6.0.19041.1110_none_60b5254171f9507e\COMCTL32.dll
0x00007ffb9c070000 - 0x00007ffb9c0a0000 	C:\WINDOWS\System32\IMM32.DLL
0x0000000073960000 - 0x0000000073a32000 	C:\Program Files\Android\Android Studio\jre\jre\bin\msvcr100.dll
0x0000000073a70000 - 0x00000000742bb000 	C:\Program Files\Android\Android Studio\jre\jre\bin\server\jvm.dll
0x00007ffb9bbf0000 - 0x00007ffb9bbf8000 	C:\WINDOWS\System32\PSAPI.DLL
0x00007ffb96860000 - 0x00007ffb96869000 	C:\WINDOWS\SYSTEM32\WSOCK32.dll
0x00007ffb9baa0000 - 0x00007ffb9bb0b000 	C:\WINDOWS\System32\WS2_32.dll
0x00007ffb89060000 - 0x00007ffb89087000 	C:\WINDOWS\SYSTEM32\WINMM.dll
0x00007ffb880c0000 - 0x00007ffb880ca000 	C:\WINDOWS\SYSTEM32\VERSION.dll
0x00007ffb96850000 - 0x00007ffb9685f000 	C:\Program Files\Android\Android Studio\jre\jre\bin\verify.dll
0x00007ffb8e1f0000 - 0x00007ffb8e219000 	C:\Program Files\Android\Android Studio\jre\jre\bin\java.dll
0x00007ffb8d330000 - 0x00007ffb8d346000 	C:\Program Files\Android\Android Studio\jre\jre\bin\zip.dll
0x00007ffb9b1c0000 - 0x00007ffb9b904000 	C:\WINDOWS\System32\SHELL32.dll
0x00007ffb97430000 - 0x00007ffb97bc4000 	C:\WINDOWS\SYSTEM32\windows.storage.dll
0x00007ffb9a270000 - 0x00007ffb9a5c4000 	C:\WINDOWS\System32\combase.dll
0x00007ffb99260000 - 0x00007ffb9928c000 	C:\WINDOWS\SYSTEM32\Wldp.dll
0x00007ffb9bdc0000 - 0x00007ffb9be6d000 	C:\WINDOWS\System32\SHCORE.dll
0x00007ffb9be70000 - 0x00007ffb9bec5000 	C:\WINDOWS\System32\shlwapi.dll
0x00007ffb99810000 - 0x00007ffb9982f000 	C:\WINDOWS\SYSTEM32\profapi.dll
0x00007ffb8d2d0000 - 0x00007ffb8d2ea000 	C:\Program Files\Android\Android Studio\jre\jre\bin\net.dll
0x00007ffb98fc0000 - 0x00007ffb9902a000 	C:\WINDOWS\system32\mswsock.dll
0x00007ffb8d1d0000 - 0x00007ffb8d1e3000 	C:\Program Files\Android\Android Studio\jre\jre\bin\nio.dll
0x00007ffb667e0000 - 0x00007ffb66807000 	C:\Users\Hamza\.gradle\native\f6784746aeab05261644944871eae4fe03e0ef1612fff0a4a95f87b438bc6780\windows-amd64\native-platform.dll
0x00007ffb96810000 - 0x00007ffb9681d000 	C:\Program Files\Android\Android Studio\jre\jre\bin\management.dll
0x00007ffb991c0000 - 0x00007ffb991d8000 	C:\WINDOWS\SYSTEM32\CRYPTSP.dll
0x00007ffb98940000 - 0x00007ffb98974000 	C:\WINDOWS\system32\rsaenh.dll
0x00007ffb99d00000 - 0x00007ffb99d27000 	C:\WINDOWS\System32\bcrypt.dll
0x00007ffb997d0000 - 0x00007ffb997fe000 	C:\WINDOWS\SYSTEM32\USERENV.dll
0x00007ffb99c70000 - 0x00007ffb99cf2000 	C:\WINDOWS\System32\bcryptprimitives.dll
0x00007ffb991b0000 - 0x00007ffb991bc000 	C:\WINDOWS\SYSTEM32\CRYPTBASE.dll
0x00007ffb98cb0000 - 0x00007ffb98ceb000 	C:\WINDOWS\SYSTEM32\IPHLPAPI.DLL
0x00007ffb9bf30000 - 0x00007ffb9bf38000 	C:\WINDOWS\System32\NSI.dll
0x00007ffb903a0000 - 0x00007ffb903b7000 	C:\WINDOWS\SYSTEM32\dhcpcsvc6.DLL
0x00007ffb917a0000 - 0x00007ffb917bd000 	C:\WINDOWS\SYSTEM32\dhcpcsvc.DLL
0x00007ffb98cf0000 - 0x00007ffb98dba000 	C:\WINDOWS\SYSTEM32\DNSAPI.dll
0x00007ffb92330000 - 0x00007ffb9233b000 	C:\WINDOWS\SYSTEM32\WINNSI.DLL

VM Arguments:
jvm_args: -XX:MaxMetaspaceSize=256m -XX:+HeapDumpOnOutOfMemoryError -Xms256m -Xmx512m -Dfile.encoding=windows-1252 -Duser.country=US -Duser.language=en -Duser.variant -Xmx2048M 
java_command: org.gradle.launcher.daemon.bootstrap.GradleDaemon 6.5
java_class_path (initial): C:\Users\Hamza\.gradle\wrapper\dists\gradle-6.5-bin\6nifqtx7604sqp1q6g8wikw7p\gradle-6.5\lib\gradle-launcher-6.5.jar
Launcher Type: SUN_STANDARD

Environment Variables:
JAVA_HOME=C:\Program Files\Java
_JAVA_OPTIONS=-Xmx2048M
PATH=C:\Program Files (x86)\Common Files\Oracle\Java\javapath;C:\WINDOWS\system32;C:\WINDOWS;C:\WINDOWS\System32\Wbem;C:\WINDOWS\System32\WindowsPowerShell\v1.0\;C:\Program Files\Java\jdk1.8.0_261\bin;C:\Program Files\Java\jre1.8.0_261\bin;C:\WINDOWS\System32\OpenSSH\;C:\Program Files\Git\cmd;C:\Program Files\PuTTY\;C:\Users\Hamza\AppData\Local\Programs\Python\Python39\Scripts\;C:\Users\Hamza\AppData\Local\Programs\Python\Python39\;C:\Program Files\MySQL\MySQL Shell 8.0\bin\;C:\Users\Hamza\AppData\Local\Microsoft\WindowsApps;C:\Users\Hamza\AppData\Local\Microsoft\WindowsApps;C:\Users\Hamza\AppData\Local\Programs\Microsoft VS Code\bin
USERNAME=Hamza
OS=Windows_NT
PROCESSOR_IDENTIFIER=Intel64 Family 6 Model 58 Stepping 9, GenuineIntel



---------------  S Y S T E M  ---------------

OS: Windows 10.0 , 64 bit Build 19041 (10.0.19041.1566)

CPU:total 4 (initial active 4) (2 cores per cpu, 2 threads per core) family 6 model 58 stepping 9, cmov, cx8, fxsr, mmx, sse, sse2, sse3, ssse3, sse4.1, sse4.2, popcnt, avx, aes, clmul, erms, ht, tsc, tscinvbit, tscinv

Memory: 4k page, physical 8248816k(626848k free), swap 21858204k(5288k free)

vm_info: OpenJDK 64-Bit Server VM (25.242-b01) for windows-amd64 JRE (1.8.0_242-release-1644-b01), built by "builder" with MS VC++ 10.0 (VS2010)

time: Wed Mar 30 15:03:04 2022
timezone: Pakistan Standard Time
elapsed time: 13 seconds (0d 0h 0m 13s)

